<?xml version="1.0" encoding="UTF-8"?>
<!-- Generated by org.testng.reporters.JUnitReportReporter -->
<testsuite hostname="DESKTOP-81ARGGN" failures="0" tests="1" name="com.voya.test.AboutTest" time="10.804" errors="0" timestamp="2021-09-24T19:12:39 IST" skipped="0">
  <testcase classname="com.voya.test.AboutTest" name="aboutHeaderAndVersionTest" time="10.804"/>
  <system-out/>
</testsuite> <!-- com.voya.test.AboutTest -->
