<?xml version="1.0" encoding="UTF-8"?>
<!-- Generated by org.testng.reporters.JUnitReportReporter -->
<testsuite hostname="DESKTOP-81ARGGN" failures="0" tests="1" name="com.voya.test.AboutTest" time="9.233" errors="0" timestamp="2021-09-24T18:39:40 IST" skipped="0">
  <testcase classname="com.voya.test.AboutTest" name="aboutHeaderAndVersionTest" time="9.233"/>
  <system-out/>
</testsuite> <!-- com.voya.test.AboutTest -->
