<?xml version="1.0" encoding="UTF-8"?>
<!-- Generated by org.testng.reporters.JUnitReportReporter -->
<testsuite hostname="DESKTOP-81ARGGN" failures="0" tests="4" name="com.voya.test.LoginTest" time="36.839" errors="0" timestamp="2021-09-16T19:19:29 IST" skipped="0">
  <testcase classname="com.voya.test.LoginTest" name="invalidCredentialTest" time="9.322"/>
  <system-out/>
  <testcase classname="com.voya.test.LoginTest" name="checkApplicationDescTest" time="6.863"/>
  <system-out/>
  <testcase classname="com.voya.test.LoginTest" name="checkLoginPageTitleTest" time="8.044"/>
  <system-out/>
  <testcase classname="com.voya.test.LoginTest" name="validCredentialTest" time="12.610"/>
  <system-out/>
</testsuite> <!-- com.voya.test.LoginTest -->
