<?xml version="1.0" encoding="UTF-8"?>
<!-- Generated by org.testng.reporters.JUnitReportReporter -->
<testsuite hostname="DESKTOP-81ARGGN" failures="0" tests="2" name="com.voya.test.Demo1Test" time="0.023" errors="0" timestamp="2021-09-17T17:44:14 IST" skipped="0">
  <testcase classname="com.voya.test.Demo1Test" name="method2" time="0.009"/>
  <system-out/>
  <testcase classname="com.voya.test.Demo1Test" name="method1" time="0.014"/>
  <system-out/>
</testsuite> <!-- com.voya.test.Demo1Test -->
