<?xml version="1.0" encoding="UTF-8"?>
<!-- Generated by org.testng.reporters.JUnitReportReporter -->
<testsuite hostname="DESKTOP-81ARGGN" failures="0" tests="4" name="com.voya.test.LoginTest" time="190.294" errors="0" timestamp="2021-09-20T17:47:17 IST" skipped="0">
  <testcase classname="com.voya.test.LoginTest" name="checkApplicationDescTest" time="10.694"/>
  <system-out/>
  <testcase classname="com.voya.test.LoginTest" name="validCredentialTest" time="57.613"/>
  <system-out/>
  <testcase classname="com.voya.test.LoginTest" name="invalidCredentialTest" time="105.616"/>
  <system-out/>
  <testcase classname="com.voya.test.LoginTest" name="checkLoginPageTitleTest" time="16.371"/>
  <system-out/>
</testsuite> <!-- com.voya.test.LoginTest -->
