<?xml version="1.0" encoding="UTF-8"?>
<!-- Generated by org.testng.reporters.JUnitReportReporter -->
<testsuite hostname="DESKTOP-81ARGGN" failures="0" tests="3" name="com.voya.test.DemoTest" time="6.670" errors="0" timestamp="2021-09-21T18:39:20 IST" skipped="0">
  <testcase classname="com.voya.test.DemoTest" name="validMethodTest" time="1.052"/>
  <system-out/>
  <testcase classname="com.voya.test.DemoTest" name="validMethodTest" time="1.195"/>
  <system-out/>
  <testcase classname="com.voya.test.DemoTest" name="validMethodTest" time="4.423"/>
  <system-out/>
</testsuite> <!-- com.voya.test.DemoTest -->
