<?xml version="1.0" encoding="UTF-8"?>
<!-- Generated by org.testng.reporters.JUnitReportReporter -->
<testsuite hostname="DESKTOP-81ARGGN" failures="0" tests="4" name="com.voya.test.LoginTest" time="235.771" errors="0" timestamp="2021-09-17T18:41:38 IST" skipped="0">
  <testcase classname="com.voya.test.LoginTest" name="checkApplicationDescTest" time="28.131"/>
  <system-out/>
  <testcase classname="com.voya.test.LoginTest" name="invalidCredentialTest" time="129.354"/>
  <system-out/>
  <testcase classname="com.voya.test.LoginTest" name="validCredentialTest" time="56.199"/>
  <system-out/>
  <testcase classname="com.voya.test.LoginTest" name="checkLoginPageTitleTest" time="22.087"/>
  <system-out/>
</testsuite> <!-- com.voya.test.LoginTest -->
