<?xml version="1.0" encoding="UTF-8"?>
<!-- Generated by org.testng.reporters.JUnitReportReporter -->
<testsuite hostname="DESKTOP-81ARGGN" failures="0" tests="2" name="com.voya.test.LoginTest" time="32.504" errors="0" timestamp="2021-09-23T18:55:14 IST" skipped="0">
  <testcase classname="com.voya.test.LoginTest" name="invalidCredentialTest" time="17.662"/>
  <system-out/>
  <testcase classname="com.voya.test.LoginTest" name="invalidCredentialTest" time="14.842"/>
  <system-out/>
</testsuite> <!-- com.voya.test.LoginTest -->
