<?xml version="1.0" encoding="UTF-8"?>
<!-- Generated by org.testng.reporters.JUnitReportReporter -->
<testsuite hostname="DESKTOP-81ARGGN" failures="0" tests="2" name="com.voya.test.LoginTest" time="60.600" errors="0" timestamp="2021-09-16T18:32:53 IST" skipped="0">
  <testcase classname="com.voya.test.LoginTest" name="validCredentialTest" time="37.475"/>
  <system-out/>
  <testcase classname="com.voya.test.LoginTest" name="invalidCredentialTest" time="23.125"/>
  <system-out/>
</testsuite> <!-- com.voya.test.LoginTest -->
