<?xml version="1.0" encoding="UTF-8"?>
<!-- Generated by org.testng.reporters.JUnitReportReporter -->
<testsuite hostname="DESKTOP-81ARGGN" failures="0" tests="1" name="com.voya.test.LoginTest" time="15.463" errors="0" timestamp="2021-09-24T18:18:30 IST" skipped="0">
  <testcase classname="com.voya.test.LoginTest" name="checkLoginPageTitleTest" time="15.463"/>
  <system-out>
actual title check  </system-out>
</testsuite> <!-- com.voya.test.LoginTest -->
