<?xml version="1.0" encoding="UTF-8"?>
<!-- Generated by org.testng.reporters.JUnitReportReporter -->
<testsuite hostname="DESKTOP-81ARGGN" failures="0" tests="1" name="com.voya.test.MessagesTest" time="13.185" errors="0" timestamp="2021-09-20T19:25:11 IST" skipped="0">
  <testcase classname="com.voya.test.MessagesTest" name="patientErrorMessageTest" time="13.185"/>
  <system-out/>
</testsuite> <!-- com.voya.test.MessagesTest -->
